Epoch,Train_Reg_Loss,Train_Class_Loss,Train_Total_Loss,Val_Reg_Loss,Val_Class_Loss,Val_Total_Loss,Learning_Rate
1,0.02692226,0.26646252,0.09878434,0.00102889,0.07094820,0.02200468,0.00000800
2,0.00497401,0.07882164,0.02712830,0.00075328,0.06164624,0.01902117,0.00001600
3,0.00157045,0.06592018,0.02087537,0.00048074,0.06048029,0.01848060,0.00002400
4,0.00081357,0.06430481,0.01986094,0.00050853,0.05946010,0.01819400,0.00003200
5,0.00062720,0.06379583,0.01957779,0.00048014,0.05941838,0.01816162,0.00004000
6,0.00057856,0.06356203,0.01947360,0.00049921,0.05921677,0.01811448,0.00004800
7,0.00054210,0.06361766,0.01946477,0.00051135,0.06022077,0.01842418,0.00005600
8,0.00053314,0.06369084,0.01948045,0.00046777,0.05964131,0.01821983,0.00006400
9,0.00051647,0.06358113,0.01943587,0.00045925,0.05944691,0.01815555,0.00007200
10,0.00051744,0.06338980,0.01937915,0.00048695,0.05924694,0.01811495,0.00008000
11,0.00051438,0.06320774,0.01932239,0.00045534,0.05916261,0.01806752,0.00008000
12,0.00050594,0.06308798,0.01928055,0.00046125,0.05899773,0.01802220,0.00007998
13,0.00050058,0.06295972,0.01923832,0.00045560,0.05894153,0.01800138,0.00007993
14,0.00049700,0.06287815,0.01921134,0.00044799,0.05905712,0.01803073,0.00007985
15,0.00049146,0.06283884,0.01919567,0.00044694,0.05906553,0.01803252,0.00007974
16,0.00048663,0.06279548,0.01917929,0.00044513,0.05909529,0.01804018,0.00007959
17,0.00048576,0.06278699,0.01917613,0.00044501,0.05914551,0.01805516,0.00007941
18,0.00047829,0.06276217,0.01916345,0.00048707,0.05892902,0.01801966,0.00007920
19,0.00047900,0.06276449,0.01916465,0.00044152,0.05943914,0.01814081,0.00007896
20,0.00047290,0.06278841,0.01916755,0.00044090,0.05883667,0.01795963,0.00007869
21,0.00047468,0.06276334,0.01916128,0.00043379,0.05890585,0.01797541,0.00007838
22,0.00047370,0.06267929,0.01913538,0.00045197,0.05892032,0.01799248,0.00007804
23,0.00047408,0.06269731,0.01914105,0.00043301,0.05906010,0.01802114,0.00007767
24,0.00046855,0.06266113,0.01912632,0.00046137,0.05886008,0.01798098,0.00007727
25,0.00047055,0.06266074,0.01912761,0.00048319,0.05894938,0.01802305,0.00007684
26,0.00046547,0.06263062,0.01911501,0.00044900,0.05886605,0.01797411,0.00007639
27,0.00046615,0.06261830,0.01911180,0.00043257,0.05893000,0.01798180,0.00007590
28,0.00046447,0.06260010,0.01910516,0.00049559,0.05889684,0.01801597,0.00007538
29,0.00046421,0.06260976,0.01910787,0.00047262,0.05886486,0.01799030,0.00007483
30,0.00046356,0.06258054,0.01909865,0.00043771,0.05881930,0.01795219,0.00007425
31,0.00046227,0.06259740,0.01910281,0.00043360,0.05891862,0.01797911,0.00007365
32,0.00046225,0.06258592,0.01909935,0.00043934,0.05890316,0.01797849,0.00007302
33,0.00045990,0.06256539,0.01909155,0.00044299,0.05886023,0.01796816,0.00007236
34,0.00046000,0.06254932,0.01908680,0.00044361,0.05886473,0.01796995,0.00007168
35,0.00045362,0.06255257,0.01908331,0.00045151,0.05896289,0.01800492,0.00007097
36,0.00045744,0.06255007,0.01908523,0.00045671,0.05881231,0.01796339,0.00007023
37,0.00045755,0.06254164,0.01908278,0.00048098,0.05882911,0.01798542,0.00006947
38,0.00045558,0.06252359,0.01907599,0.00044095,0.05882650,0.01795661,0.00006869
39,0.00045524,0.06251814,0.01907411,0.00045392,0.05874528,0.01794133,0.00006788
40,0.00045234,0.06249489,0.01906510,0.00046294,0.05871093,0.01793734,0.00006705
41,0.00045497,0.06248530,0.01906407,0.00044638,0.05882481,0.01795991,0.00006619
42,0.00045302,0.06248641,0.01906304,0.00043349,0.05873380,0.01792359,0.00006532
43,0.00045127,0.06247593,0.01905867,0.00043709,0.05877372,0.01793808,0.00006443
44,0.00044974,0.06245811,0.01905225,0.00043158,0.05877296,0.01793400,0.00006351
45,0.00045139,0.06248498,0.01906147,0.00044483,0.05877185,0.01794294,0.00006258
46,0.00045179,0.06246084,0.01905450,0.00043190,0.05876215,0.01793098,0.00006163
47,0.00044966,0.06245216,0.01905041,0.00043996,0.05873775,0.01792930,0.00006066
48,0.00044957,0.06243999,0.01904670,0.00044079,0.05880232,0.01794925,0.00005967
49,0.00044740,0.06244336,0.01904619,0.00043048,0.05878071,0.01793555,0.00005867
50,0.00044630,0.06244057,0.01904458,0.00044394,0.05882298,0.01795765,0.00005765
51,0.00044514,0.06241689,0.01903667,0.00042962,0.05883231,0.01795043,0.00005662
52,0.00044880,0.06241984,0.01904012,0.00043302,0.05881143,0.01794655,0.00005557
53,0.00044400,0.06241470,0.01903521,0.00043491,0.05883140,0.01795386,0.00005451
54,0.00044515,0.06239620,0.01903046,0.00043573,0.05877001,0.01793602,0.00005344
55,0.00043836,0.06239661,0.01902583,0.00042703,0.05872322,0.01791589,0.00005236
56,0.00043961,0.06238447,0.01902307,0.00048723,0.05878196,0.01797565,0.00005127
57,0.00043842,0.06239970,0.01902681,0.00043237,0.05878521,0.01793822,0.00005017
58,0.00043962,0.06238560,0.01902342,0.00043224,0.05877060,0.01793375,0.00004906
59,0.00043817,0.06237713,0.01901986,0.00044034,0.05877865,0.01794183,0.00004794
60,0.00043632,0.06236104,0.01901374,0.00043189,0.05873950,0.01792418,0.00004682
61,0.00043817,0.06235307,0.01901265,0.00042909,0.05880669,0.01794237,0.00004569
62,0.00043460,0.06236200,0.01901282,0.00043243,0.05872697,0.01792079,0.00004456
63,0.00043690,0.06235128,0.01901122,0.00042978,0.05880034,0.01794095,0.00004342
64,0.00043238,0.06234533,0.01900627,0.00043686,0.05871040,0.01791892,0.00004228
65,0.00043288,0.06234041,0.01900514,0.00043381,0.05876625,0.01793354,0.00004114
66,0.00043087,0.06232964,0.01900050,0.00042995,0.05875023,0.01792604,0.00004000
67,0.00043101,0.06232821,0.01900017,0.00042879,0.05885144,0.01795559,0.00003886
68,0.00043062,0.06233191,0.01900101,0.00044016,0.05889950,0.01797796,0.00003772
69,0.00042734,0.06232860,0.01899772,0.00043180,0.05881774,0.01794758,0.00003658
70,0.00042703,0.06230009,0.01898895,0.00043679,0.05874505,0.01792927,0.00003544
71,0.00043119,0.06228881,0.01898848,0.00042955,0.05871808,0.01791611,0.00003431
72,0.00042770,0.06229811,0.01898883,0.00043839,0.05883466,0.01795727,0.00003318
73,0.00042487,0.06229710,0.01898654,0.00044613,0.05874012,0.01793433,0.00003206
74,0.00042339,0.06226731,0.01897657,0.00043885,0.05886424,0.01796647,0.00003094
75,0.00042636,0.06228117,0.01898280,0.00043273,0.05878585,0.01793866,0.00002983
